<?xml version="1.0" encoding="UTF-8"?>
<testsuite name="APIAutomationATB6x"
           tests="4"
           failures="0"
           errors="0"
           skipped="0"
           time="10.348">
    <properties></properties>



            <testcase
                name="testDeleteBookingById"
                time="1.522"
                classname="org.example.tests.extent.TCIntegrationFlowExtent">
            </testcase>
            <testcase
                name="testUpdateBookingByID"
                time="1.768"
                classname="org.example.tests.extent.TCIntegrationFlowExtent">
            </testcase>
            <testcase
                name="testVerifyBookingId"
                time="1.637"
                classname="org.example.tests.extent.TCIntegrationFlowExtent">
            </testcase>
            <testcase
                name="testCreateBooking"
                time="5.421"
                classname="org.example.tests.extent.TCIntegrationFlowExtent">
            </testcase>
</testsuite>
